<?xml version="1.0" encoding="UTF-8"?>
<!-- Generated by org.testng.reporters.JUnitXMLReporter -->
<testsuite hostname="USMCLAMANDLEKA2" name="Test Dell Website Top Navigation" tests="2" failures="0" timestamp="24 Aug 2021 00:45:14 GMT" time="22.313" errors="0">
  <testcase name="testProductsLink" time="0.604" classname="com.test.existingTestAutomationSuite.testCase1"/>
  <testcase name="testSolutionsLink" time="0.481" classname="com.test.existingTestAutomationSuite.testCase2"/>
</testsuite> <!-- Test Dell Website Top Navigation -->
